<?xml version="1.0" encoding="UTF-8"?>
<testng-results skipped="0" failed="0" total="1" passed="1">
  <reporter-output>
  </reporter-output>
  <suite name="s1" duration-ms="92" started-at="2017-03-11T22:15:37Z" finished-at="2017-03-11T22:15:38Z">
    <groups>
    </groups>
    <test name="t1" duration-ms="92" started-at="2017-03-11T22:15:37Z" finished-at="2017-03-11T22:15:38Z">
      <class name="quicktest.Google">
        <test-method status="PASS" signature="search()" name="search" duration-ms="49" started-at="2017-03-11T22:15:38Z" finished-at="2017-03-11T22:15:38Z">
        </test-method>
      </class>
    </test>
  </suite>
</testng-results>
